[    0.000000] Linux version 4.15.0-212-generic (buildd@lcy02-amd64-083) (gcc version 7.5.0 (Ubuntu 7.5.0-3ubuntu1~18.04)) #223-Ubuntu SMP Tue May 23 13:09:22 UTC 2023 (Ubuntu 4.15.0-212.223-generic 4.15.18)
[    0.000000] Command line: BOOT_IMAGE=/boot/vmlinuz-4.15.0-212-generic root=LABEL=cloudimg-rootfs ro console=tty1 console=ttyS0
[    0.000000] KERNEL supported cpus:
[    0.000000]   Intel GenuineIntel
[    0.000000]   AMD AuthenticAMD
[    0.000000]   Centaur CentaurHauls
[    0.000000] [Firmware Bug]: TSC doesn't count with P0 frequency!
[    0.000000] x86/fpu: x87 FPU will use FXSAVE
[    0.000000] e820: BIOS-provided physical RAM map:
[    0.000000] BIOS-e820: [mem 0x0000000000000000-0x000000000009fbff] usable
[    0.000000] BIOS-e820: [mem 0x000000000009fc00-0x000000000009ffff] reserved
[    0.000000] BIOS-e820: [mem 0x00000000000f0000-0x00000000000fffff] reserved
[    0.000000] BIOS-e820: [mem 0x0000000000100000-0x000000003ffeffff] usable
[    0.000000] BIOS-e820: [mem 0x000000003fff0000-0x000000003fffffff] ACPI data
[    0.000000] BIOS-e820: [mem 0x00000000fec00000-0x00000000fec00fff] reserved
[    0.000000] BIOS-e820: [mem 0x00000000fee00000-0x00000000fee00fff] reserved
[    0.000000] BIOS-e820: [mem 0x00000000fffc0000-0x00000000ffffffff] reserved
[    0.000000] NX (Execute Disable) protection: active
[    0.000000] SMBIOS 2.5 present.
[    0.000000] DMI: innotek GmbH VirtualBox/VirtualBox, BIOS VirtualBox 12/01/2006
[    0.000000] Hypervisor detected: KVM
[    0.000000] e820: last_pfn = 0x3fff0 max_arch_pfn = 0x400000000
[    0.000000] MTRR: Disabled
[    0.000000] x86/PAT: MTRRs disabled, skipping PAT initialization too.
[    0.000000] CPU MTRRs all blank - virtualized system.
[    0.000000] x86/PAT: Configuration [0-7]: WB  WT  UC- UC  WB  WT  UC- UC  
[    0.000000] found SMP MP-table at [mem 0x0009fff0-0x0009ffff]
[    0.000000] Scanning 1 areas for low memory corruption
[    0.000000] RAMDISK: [mem 0x359cb000-0x36cdcfff]
[    0.000000] ACPI: Early table checksum verification disabled
[    0.000000] ACPI: RSDP 0x00000000000E0000 000024 (v02 VBOX  )
[    0.000000] ACPI: XSDT 0x000000003FFF0030 00003C (v01 VBOX   VBOXXSDT 00000001 ASL  00000061)
[    0.000000] ACPI: FACP 0x000000003FFF00F0 0000F4 (v04 VBOX   VBOXFACP 00000001 ASL  00000061)
[    0.000000] ACPI: DSDT 0x000000003FFF0610 002353 (v02 VBOX   VBOXBIOS 00000002 INTL 20100528)
[    0.000000] ACPI: FACS 0x000000003FFF0200 000040
[    0.000000] ACPI: FACS 0x000000003FFF0200 000040
[    0.000000] ACPI: APIC 0x000000003FFF0240 00005C (v02 VBOX   VBOXAPIC 00000001 ASL  00000061)
[    0.000000] ACPI: SSDT 0x000000003FFF02A0 00036C (v01 VBOX   VBOXCPUT 00000002 INTL 20100528)
[    0.000000] ACPI: Reserving FACP table memory at [mem 0x3fff00f0-0x3fff01e3]
[    0.000000] ACPI: Reserving DSDT table memory at [mem 0x3fff0610-0x3fff2962]
[    0.000000] ACPI: Reserving FACS table memory at [mem 0x3fff0200-0x3fff023f]
[    0.000000] ACPI: Reserving FACS table memory at [mem 0x3fff0200-0x3fff023f]
[    0.000000] ACPI: Reserving APIC table memory at [mem 0x3fff0240-0x3fff029b]
[    0.000000] ACPI: Reserving SSDT table memory at [mem 0x3fff02a0-0x3fff060b]
[    0.000000] No NUMA configuration found
[    0.000000] Faking a node at [mem 0x0000000000000000-0x000000003ffeffff]
[    0.000000] NODE_DATA(0) allocated [mem 0x3ffc5000-0x3ffeffff]
[    0.000000] kvm-clock: cpu 0, msr 0:3ff44001, primary cpu clock
[    0.000000] kvm-clock: Using msrs 4b564d01 and 4b564d00
[    0.000000] kvm-clock: using sched offset of 4949722607 cycles
[    0.000000] clocksource: kvm-clock: mask: 0xffffffffffffffff max_cycles: 0x1cd42e4dffb, max_idle_ns: 881590591483 ns
[    0.000000] Zone ranges:
[    0.000000]   DMA      [mem 0x0000000000001000-0x0000000000ffffff]
[    0.000000]   DMA32    [mem 0x0000000001000000-0x000000003ffeffff]
[    0.000000]   Normal   empty
[    0.000000]   Device   empty
[    0.000000] Movable zone start for each node
[    0.000000] Early memory node ranges
[    0.000000]   node   0: [mem 0x0000000000001000-0x000000000009efff]
[    0.000000]   node   0: [mem 0x0000000000100000-0x000000003ffeffff]
[    0.000000] Reserved but unavailable: 104 pages
[    0.000000] Initmem setup node 0 [mem 0x0000000000001000-0x000000003ffeffff]
[    0.000000] ACPI: PM-Timer IO Port: 0x4008
[    0.000000] IOAPIC[0]: apic_id 2, version 32, address 0xfec00000, GSI 0-23
[    0.000000] ACPI: INT_SRC_OVR (bus 0 bus_irq 0 global_irq 2 dfl dfl)
[    0.000000] ACPI: INT_SRC_OVR (bus 0 bus_irq 9 global_irq 9 low level)
[    0.000000] Using ACPI (MADT) for SMP configuration information
[    0.000000] smpboot: Allowing 2 CPUs, 0 hotplug CPUs
[    0.000000] PM: Registered nosave memory: [mem 0x00000000-0x00000fff]
[    0.000000] PM: Registered nosave memory: [mem 0x0009f000-0x0009ffff]
[    0.000000] PM: Registered nosave memory: [mem 0x000a0000-0x000effff]
[    0.000000] PM: Registered nosave memory: [mem 0x000f0000-0x000fffff]
[    0.000000] e820: [mem 0x40000000-0xfebfffff] available for PCI devices
[    0.000000] Booting paravirtualized kernel on KVM
[    0.000000] clocksource: refined-jiffies: mask: 0xffffffff max_cycles: 0xffffffff, max_idle_ns: 7645519600211568 ns
[    0.000000] setup_percpu: NR_CPUS:8192 nr_cpumask_bits:2 nr_cpu_ids:2 nr_node_ids:1
[    0.000000] percpu: Embedded 50 pages/cpu s167936 r8192 d28672 u1048576
[    0.000000] PV qspinlock hash table entries: 256 (order: 0, 4096 bytes)
[    0.000000] Built 1 zonelists, mobility grouping on.  Total pages: 257913
[    0.000000] Policy zone: DMA32
[    0.000000] Kernel command line: BOOT_IMAGE=/boot/vmlinuz-4.15.0-212-generic root=LABEL=cloudimg-rootfs ro console=tty1 console=ttyS0
[    0.000000] Memory: 982644K/1048120K available (12300K kernel code, 2477K rwdata, 4324K rodata, 2480K init, 2720K bss, 65476K reserved, 0K cma-reserved)
[    0.000000] SLUB: HWalign=64, Order=0-3, MinObjects=0, CPUs=2, Nodes=1
[    0.000000] ftrace: allocating 39508 entries in 155 pages
[    0.004000] Hierarchical RCU implementation.
[    0.004000] 	RCU restricting CPUs from NR_CPUS=8192 to nr_cpu_ids=2.
[    0.004000] 	Tasks RCU enabled.
[    0.004000] RCU: Adjusting geometry for rcu_fanout_leaf=16, nr_cpu_ids=2
[    0.004000] NR_IRQS: 524544, nr_irqs: 440, preallocated irqs: 16
[    0.004000] random: crng init done
[    0.004000] Console: colour VGA+ 80x25
[    0.004000] console [tty1] enabled
[    0.004000] console [ttyS0] enabled
[    0.004000] ACPI: Core revision 20170831
[    0.004000] ACPI: 2 ACPI AML tables successfully acquired and loaded
[    0.004000] APIC: Switch to symmetric I/O mode setup
[    0.004000] ..TIMER: vector=0x30 apic1=0 pin1=2 apic2=-1 pin2=-1
[    0.004029] tsc: Detected 2295.614 MHz processor
[    0.008020] Calibrating delay loop (skipped) preset value.. 4591.22 BogoMIPS (lpj=9182456)
[    0.012010] pid_max: default: 32768 minimum: 301
[    0.016141] Security Framework initialized
[    0.020024] Yama: becoming mindful.
[    0.024220] AppArmor: AppArmor initialized
[    0.041214] Dentry cache hash table entries: 131072 (order: 8, 1048576 bytes)
[    0.051145] Inode-cache hash table entries: 65536 (order: 7, 524288 bytes)
[    0.052195] Mount-cache hash table entries: 2048 (order: 2, 16384 bytes)
[    0.056192] Mountpoint-cache hash table entries: 2048 (order: 2, 16384 bytes)
[    0.065345] Last level iTLB entries: 4KB 1024, 2MB 1024, 4MB 512
[    0.068009] Last level dTLB entries: 4KB 1536, 2MB 1536, 4MB 768, 1GB 0
[    0.072010] Spectre V1 : Mitigation: usercopy/swapgs barriers and __user pointer sanitization
[    0.076012] Spectre V2 : Mitigation: Retpolines
[    0.080010] Spectre V2 : Spectre v2 / SpectreRSB mitigation: Filling RSB on context switch
[    0.084013] Spectre V2 : Spectre v2 / SpectreRSB : Filling RSB on VMEXIT
[    0.088009] RETBleed: Vulnerable
[    0.092431] Freeing SMP alternatives memory: 36K
[    0.217299] APIC calibration not consistent with PM-Timer: 102ms instead of 100ms
[    0.220000] APIC delta adjusted to PM-Timer: 6400091 (6553606)
[    0.220694] smpboot: CPU0: AMD Ryzen 7 3750H with Radeon Vega Mobile Gfx (family: 0x17, model: 0x18, stepping: 0x1)
[    0.224986] Performance Events: PMU not available due to virtualization, using software events only.
[    0.228278] Hierarchical SRCU implementation.
[    0.236162] NMI watchdog: Perf event create on CPU 0 failed with -2
[    0.240008] NMI watchdog: Perf NMI watchdog permanently disabled
[    0.248031] smp: Bringing up secondary CPUs ...
[    0.253903] x86: Booting SMP configuration:
[    0.256010] .... node  #0, CPUs:      #1
[    0.004000] kvm-clock: cpu 1, msr 0:3ff44041, secondary cpu clock
[    0.276000] TSC synchronization [CPU#0 -> CPU#1]:
[    0.276000] Measured 113636 cycles TSC warp between CPUs, turning off TSC clock.
[    0.276000] tsc: Marking TSC unstable due to check_tsc_sync_source failed
[    0.280404] smp: Brought up 1 node, 2 CPUs
[    0.284017] smpboot: Max logical packages: 1
[    0.288043] smpboot: Total of 2 processors activated (9182.45 BogoMIPS)
[    0.296221] devtmpfs: initialized
[    0.300904] x86/mm: Memory block size: 128MB
[    0.312919] evm: security.selinux
[    0.324011] evm: security.SMACK64
[    0.332006] evm: security.SMACK64EXEC
[    0.340010] evm: security.SMACK64TRANSMUTE
[    0.348010] evm: security.SMACK64MMAP
[    0.356005] evm: security.apparmor
[    0.360010] evm: security.ima
[    0.368006] evm: security.capability
[    0.376752] clocksource: jiffies: mask: 0xffffffff max_cycles: 0xffffffff, max_idle_ns: 7645041785100000 ns
[    0.380028] futex hash table entries: 512 (order: 3, 32768 bytes)
[    0.384291] pinctrl core: initialized pinctrl subsystem
[    0.389324] RTC time:  5:21:01, date: 12/14/24
[    0.397012] NET: Registered protocol family 16
[    0.400281] audit: initializing netlink subsys (disabled)
[    0.404322] audit: type=2000 audit(1734153667.176:1): state=initialized audit_enabled=0 res=1
[    0.420216] cpuidle: using governor ladder
[    0.428364] cpuidle: using governor menu
[    0.437054] ACPI: bus type PCI registered
[    0.440013] acpiphp: ACPI Hot Plug PCI Controller Driver version: 0.5
[    0.445221] PCI: Using configuration type 1 for base access
[    0.448009] PCI: Using configuration type 1 for extended access
[    0.460312] HugeTLB registered 2.00 MiB page size, pre-allocated 0 pages
[    0.476935] ACPI: Added _OSI(Module Device)
[    0.480011] ACPI: Added _OSI(Processor Device)
[    0.484012] ACPI: Added _OSI(3.0 _SCP Extensions)
[    0.488011] ACPI: Added _OSI(Processor Aggregator Device)
[    0.496028] ACPI: Added _OSI(Linux-Dell-Video)
[    0.500011] ACPI: Added _OSI(Linux-Lenovo-NV-HDMI-Audio)
[    0.504009] ACPI: Added _OSI(Linux-HPI-Hybrid-Graphics)
[    0.512936] ACPI: Executed 1 blocks of module-level executable AML code
[    0.524084] ACPI: Interpreter enabled
[    0.528035] ACPI: (supports S0 S5)
[    0.532008] ACPI: Using IOAPIC for interrupt routing
[    0.536675] PCI: Using host bridge windows from ACPI; if necessary, use "pci=nocrs" and report a bug
[    0.540466] ACPI: Enabled 2 GPEs in block 00 to 07
[    0.572658] ACPI: PCI Root Bridge [PCI0] (domain 0000 [bus 00-ff])
[    0.576026] acpi PNP0A03:00: _OSC: OS supports [ExtendedConfig ASPM ClockPM Segments MSI]
[    0.585181] acpi PNP0A03:00: _OSC: platform does not support [PCIeCapability]
[    0.590306] acpi PNP0A03:00: _OSC: not requesting control; platform does not support [PCIeCapability]
[    0.592012] acpi PNP0A03:00: _OSC: OS requested [PCIeHotplug PME AER PCIeCapability]
[    0.596021] acpi PNP0A03:00: _OSC: platform willing to grant [PCIeHotplug PME AER]
[    0.600017] acpi PNP0A03:00: _OSC failed (AE_SUPPORT); disabling ASPM
[    0.605281] PCI host bridge to bus 0000:00
[    0.608017] pci_bus 0000:00: root bus resource [io  0x0000-0x0cf7 window]
[    0.612019] pci_bus 0000:00: root bus resource [io  0x0d00-0xffff window]
[    0.620019] pci_bus 0000:00: root bus resource [mem 0x000a0000-0x000bffff window]
[    0.624030] pci_bus 0000:00: root bus resource [mem 0x40000000-0xfdffffff window]
[    0.628012] pci_bus 0000:00: root bus resource [bus 00-ff]
[    0.646521] pci 0000:00:01.1: legacy IDE quirk: reg 0x10: [io  0x01f0-0x01f7]
[    0.648010] pci 0000:00:01.1: legacy IDE quirk: reg 0x14: [io  0x03f6]
[    0.652011] pci 0000:00:01.1: legacy IDE quirk: reg 0x18: [io  0x0170-0x0177]
[    0.656010] pci 0000:00:01.1: legacy IDE quirk: reg 0x1c: [io  0x0376]
[    0.693519] pci 0000:00:07.0: quirk: [io  0x4000-0x403f] claimed by PIIX4 ACPI
[    0.696071] pci 0000:00:07.0: quirk: [io  0x4100-0x410f] claimed by PIIX4 SMB
[    0.716000] ACPI: PCI Interrupt Link [LNKA] (IRQs 5 9 10 *11)
[    0.720789] ACPI: PCI Interrupt Link [LNKB] (IRQs 5 9 *10 11)
[    0.724421] ACPI: PCI Interrupt Link [LNKC] (IRQs 5 *9 10 11)
[    0.728608] ACPI: PCI Interrupt Link [LNKD] (IRQs 5 9 10 *11)
[    0.733384] SCSI subsystem initialized
[    0.740347] pci 0000:00:02.0: vgaarb: setting as boot VGA device
[    0.744000] pci 0000:00:02.0: vgaarb: VGA device added: decodes=io+mem,owns=io+mem,locks=none
[    0.744012] pci 0000:00:02.0: vgaarb: bridge control possible
[    0.748007] vgaarb: loaded
[    0.752115] ACPI: bus type USB registered
[    0.756114] usbcore: registered new interface driver usbfs
[    0.760077] usbcore: registered new interface driver hub
[    0.764052] usbcore: registered new device driver usb
[    0.772481] EDAC MC: Ver: 3.0.0
[    0.784286] PCI: Using ACPI for IRQ routing
[    0.793450] NetLabel: Initializing
[    0.800010] NetLabel:  domain hash size = 128
[    0.808008] NetLabel:  protocols = UNLABELED CIPSOv4 CALIPSO
[    0.816154] NetLabel:  unlabeled traffic allowed by default
[    0.832805] clocksource: Switched to clocksource kvm-clock
[    0.844146] VFS: Disk quotas dquot_6.6.0
[    0.844146] VFS: Dquot-cache hash table entries: 512 (order 0, 4096 bytes)
[    0.844146] AppArmor: AppArmor Filesystem Enabled
[    0.844146] pnp: PnP ACPI init
[    0.844146] pnp: PnP ACPI: found 3 devices
[    1.009709] clocksource: acpi_pm: mask: 0xffffff max_cycles: 0xffffff, max_idle_ns: 2085701024 ns
[    1.012694] NET: Registered protocol family 2
[    1.012694] IP idents hash table entries: 16384 (order: 5, 131072 bytes)
[    1.032999] TCP established hash table entries: 8192 (order: 4, 65536 bytes)
[    1.041074] TCP bind hash table entries: 8192 (order: 5, 131072 bytes)
[    1.044631] TCP: Hash tables configured (established 8192 bind 8192)
[    1.044631] UDP hash table entries: 512 (order: 2, 16384 bytes)
[    1.044631] UDP-Lite hash table entries: 512 (order: 2, 16384 bytes)
[    1.044631] NET: Registered protocol family 1
[    1.044631] pci 0000:00:00.0: Limiting direct PCI/PCI transfers
[    1.044631] pci 0000:00:01.0: Activating ISA DMA hang workarounds
[    1.044631] pci 0000:00:02.0: Video device with shadowed ROM at [mem 0x000c0000-0x000dffff]
[    1.044631] Unpacking initramfs...
[    1.888692] Freeing initrd memory: 19528K
[    1.895681] clocksource: tsc: mask: 0xffffffffffffffff max_cycles: 0x2117060e56e, max_idle_ns: 440795272947 ns
[    1.907443] platform rtc_cmos: registered platform RTC device (no PNP device found)
[    1.917517] Scanning for low memory corruption every 60 seconds
[    1.927407] Initialise system trusted keyrings
[    1.932816] Key type blacklist registered
[    1.938599] workingset: timestamp_bits=36 max_order=18 bucket_order=0
[    1.952011] zbud: loaded
[    1.957774] squashfs: version 4.0 (2009/01/31) Phillip Lougher
[    1.966400] fuse init (API version 7.26)
[    2.032766] Key type asymmetric registered
[    2.038280] Asymmetric key parser 'x509' registered
[    2.044233] Block layer SCSI generic (bsg) driver version 0.4 loaded (major 246)
[    2.054423] io scheduler noop registered
[    2.060890] io scheduler deadline registered
[    2.068194] io scheduler cfq registered (default)
[    2.077218] ACPI: AC Adapter [AC] (on-line)
[    2.083184] input: Power Button as /devices/LNXSYSTM:00/LNXPWRBN:00/input/input0
[    2.093031] ACPI: Power Button [PWRF]
[    2.098770] input: Sleep Button as /devices/LNXSYSTM:00/LNXSLPBN:00/input/input1
[    2.108369] ACPI: Sleep Button [SLPF]
[    2.115633] Serial: 8250/16550 driver, 32 ports, IRQ sharing enabled
[    2.118534] ACPI: Battery Slot [BAT0] (battery present)
[    2.161573] 00:02: ttyS0 at I/O 0x3f8 (irq = 4, base_baud = 115200) is a 16550A
[    2.202661] Linux agpgart interface v0.103
[    2.226221] loop: module loaded
[    2.241275] scsi host0: ata_piix
[    2.250019] scsi host1: ata_piix
[    2.255922] ata1: PATA max UDMA/33 cmd 0x1f0 ctl 0x3f6 bmdma 0xd000 irq 14
[    2.259686] ata2: PATA max UDMA/33 cmd 0x170 ctl 0x376 bmdma 0xd008 irq 15
[    2.276477] tun: Universal TUN/TAP device driver, 1.6
[    2.283465] PPP generic driver version 2.4.2
[    2.289210] ehci_hcd: USB 2.0 'Enhanced' Host Controller (EHCI) Driver
[    2.296876] ehci-pci: EHCI PCI platform driver
[    2.302174] ehci-platform: EHCI generic platform driver
[    2.308302] ohci_hcd: USB 1.1 'Open' Host Controller (OHCI) Driver
[    2.318113] ohci-pci: OHCI PCI platform driver
[    2.324703] ohci-platform: OHCI generic platform driver
[    2.331954] uhci_hcd: USB Universal Host Controller Interface driver
[    2.340872] i8042: PNP: PS/2 Controller [PNP0303:PS2K,PNP0f03:PS2M] at 0x60,0x64 irq 1,12
[    2.355727] serio: i8042 KBD port at 0x60,0x64 irq 1
[    2.361496] serio: i8042 AUX port at 0x60,0x64 irq 12
[    2.369630] mousedev: PS/2 mouse device common for all mice
[    2.382421] input: AT Translated Set 2 keyboard as /devices/platform/i8042/serio0/input/input2
[    2.385121] rtc_cmos rtc_cmos: rtc core: registered rtc_cmos as rtc0
[    2.408306] rtc_cmos rtc_cmos: alarms up to one day, 114 bytes nvram
[    2.420956] i2c /dev entries driver
[    2.427446] device-mapper: uevent: version 1.0.3
[    2.444552] device-mapper: ioctl: 4.37.0-ioctl (2017-09-20) initialised: dm-devel@redhat.com
[    2.476656] ledtrig-cpu: registered to indicate activity on CPUs
[    2.485303] NET: Registered protocol family 10
[    2.499643] Segment Routing with IPv6
[    2.505372] NET: Registered protocol family 17
[    2.511044] Key type dns_resolver registered
[    2.518805] mce: Using 0 MCE banks
[    2.523570] RAS: Correctable Errors collector initialized.
[    2.527368] sched_clock: Marking stable (2523368488, 0)->(4158684104, -1635315616)
[    2.544909] registered taskstats version 1
[    2.550991] Loading compiled-in X.509 certificates
[    2.567663] Loaded X.509 cert 'Build time autogenerated kernel key: b5b26778eaa3ab3a4a6cee031137706e947d12ad'
[    2.579251] Loaded X.509 cert 'Canonical Ltd. Live Patch Signing: 14df34d1a87cf37625abec039ef2bf521249b969'
[    2.590704] Loaded X.509 cert 'Canonical Ltd. Kernel Module Signing: 88f752e560a1e0737e31163a466ad7b70a850c19'
[    2.604122] blacklist: Loading compiled-in revocation X.509 certificates
[    2.613016] Loaded X.509 cert 'Canonical Ltd. Secure Boot Signing: 61482aa2830d0ab2ad5af10b7250da9033ddcef0'
[    2.628296] Loaded X.509 cert 'Canonical Ltd. Secure Boot Signing (2017): 242ade75ac4a15e50d50c84b0d45ff3eae707a03'
[    2.647116] Loaded X.509 cert 'Canonical Ltd. Secure Boot Signing (ESM 2018): 365188c1d374d6b07c3c8f240f8ef722433d6a8b'
[    2.666673] Loaded X.509 cert 'Canonical Ltd. Secure Boot Signing (2019): c0746fd6c5da3ae827864651ad66ae47fe24b3e8'
[    2.682419] Loaded X.509 cert 'Canonical Ltd. Secure Boot Signing (2021 v1): a8d54bbb3825cfb94fa13c9f8a594a195c107b8d'
[    2.702917] Loaded X.509 cert 'Canonical Ltd. Secure Boot Signing (2021 v2): 4cf046892d6fd3c9a5b03f98d845f90851dc6a8c'
[    2.716414] Loaded X.509 cert 'Canonical Ltd. Secure Boot Signing (2021 v3): 100437bb6de6e469b581e61cd66bce3ef4ed53af'
[    2.731113] Loaded X.509 cert 'Canonical Ltd. Secure Boot Signing (Ubuntu Core 2019): c1d57b8f6b743f23ee41f4f7ee292f06eecadfb9'
[    2.745884] zswap: loaded using pool lzo/zbud
[    2.767114] Key type big_key registered
[    2.772391] Key type trusted registered
[    2.783434] Key type encrypted registered
[    2.788649] AppArmor: AppArmor sha1 policy hashing enabled
[    2.794828] ima: No TPM chip found, activating TPM-bypass! (rc=-19)
[    2.802256] ima: Allocated hash algorithm: sha1
[    2.809225] evm: HMAC attrs: 0x1
[    2.814876]   Magic number: 4:440:365
[    2.821351] rtc_cmos rtc_cmos: setting system clock to 2024-12-14 05:21:04 UTC (1734153664)
[    2.831921] BIOS EDD facility v0.16 2004-Jun-25, 0 devices found
[    2.840495] EDD information not available.
[    2.850980] Freeing unused kernel image memory: 2480K
[    2.880203] Write protecting the kernel read-only data: 20480k
[    2.890434] Freeing unused kernel image memory: 2008K
[    2.897651] Freeing unused kernel image memory: 1820K
[    2.913263] x86/mm: Checked W+X mappings: passed, no W+X pages found.
Loading, please wait...
starting version 237
[    3.064605] Fusion MPT base driver 3.04.20
[    3.070559] Copyright (c) 1999-2008 LSI Corporation
[    3.078783] e1000: Intel(R) PRO/1000 Network Driver - version 7.3.21-k8-NAPI
[    3.089145] e1000: Copyright (c) 1999-2006 Intel Corporation.
[    3.159765] SSE version of gcm_enc/dec engaged.
[    3.193464] Fusion MPT SPI Host driver 3.04.20
[    3.404528] input: ImExPS/2 Generic Explorer Mouse as /devices/platform/i8042/serio1/input/input4
[    4.188283] e1000 0000:00:03.0 eth0: (PCI:33MHz:32-bit) 02:3b:7b:b7:3b:2d
[    4.196625] e1000 0000:00:03.0 eth0: Intel(R) PRO/1000 Network Connection
[    4.208045] e1000 0000:00:03.0 enp0s3: renamed from eth0
[    4.208407] mptbase: ioc0: Initiating bringup
[    4.355370] ioc0: LSI53C1030 A0: Capabilities={Initiator}
[    4.630506] scsi host2: ioc0: LSI53C1030 A0, FwRev=00000000h, Ports=1, MaxQ=256, IRQ=20
[    4.810602] scsi 2:0:0:0: Direct-Access     VBOX     HARDDISK         1.0  PQ: 0 ANSI: 5
[    4.856257] scsi target2:0:0: Beginning Domain Validation
[    4.877959] scsi target2:0:0: Domain Validation skipping write tests
[    4.886982] scsi target2:0:0: Ending Domain Validation
[    4.893970] scsi target2:0:0: asynchronous
[    4.904540] scsi 2:0:1:0: Direct-Access     VBOX     HARDDISK         1.0  PQ: 0 ANSI: 5
[    4.944798] scsi target2:0:1: Beginning Domain Validation
[    4.963247] scsi target2:0:1: Domain Validation skipping write tests
[    4.973641] scsi target2:0:1: Ending Domain Validation
[    4.980700] scsi target2:0:1: asynchronous
[    5.009769] sd 2:0:0:0: Attached scsi generic sg0 type 0
[    5.011637] sd 2:0:0:0: [sda] 83886080 512-byte logical blocks: (42.9 GB/40.0 GiB)
[    5.019546] sd 2:0:1:0: Attached scsi generic sg1 type 0
[    5.034141] sd 2:0:0:0: [sda] Write Protect is off
[    5.046793] sd 2:0:1:0: [sdb] 20480 512-byte logical blocks: (10.5 MB/10.0 MiB)
[    5.046965] sd 2:0:0:0: [sda] Incomplete mode parameter data
[    5.065956] sd 2:0:0:0: [sda] Assuming drive cache: write through
[    5.074121] sd 2:0:1:0: [sdb] Write Protect is off
[    5.078046]  sda: sda1
[    5.087913] sd 2:0:1:0: [sdb] Incomplete mode parameter data
[    5.097374] sd 2:0:1:0: [sdb] Assuming drive cache: write through
[    5.109797] sd 2:0:0:0: [sda] Attached SCSI disk
[    5.118569] sd 2:0:1:0: [sdb] Attached SCSI disk
Begin: Loading essential drivers ... [    8.560486] raid6: sse2x1   gen() 119737 MB/s
[    9.548226] raid6: sse2x1   xor() 87143 MB/s
[   11.553012] raid6: sse2x2   gen() 237225 MB/s
[   12.547263] raid6: sse2x2   xor() 169599 MB/s
[   12.628282] raid6: sse2x4   gen() 13046 MB/s
[   12.701214] raid6: sse2x4   xor()  6617 MB/s
[   12.709766] raid6: using algorithm sse2x2 gen() 237225 MB/s
[   12.722130] raid6: .... xor() 169599 MB/s, rmw enabled
[   12.732810] raid6: using ssse3x2 recovery algorithm
[   12.746652] xor: measuring software checksum speed
[   12.793005]    prefetch64-sse: 14851.000 MB/sec
[   12.836638]    generic_sse: 11339.000 MB/sec
[   12.844383] xor: using function: prefetch64-sse (14851.000 MB/sec)
[   12.854521] async_tx: api initialized (async)
done.
Begin: Running /scripts/init-premount ... done.
Begin: Mounting root file system ... Begin: Running /scripts/local-top ... done.
Begin: Running /scripts/local-premount ... [   12.948858] Btrfs loaded, crc32c=crc32c-intel
Scanning for Btrfs filesystems
done.
Warning: fsck not present, so skipping root file system
[   13.049143] EXT4-fs (sda1): mounted filesystem with ordered data mode. Opts: (null)
done.
Begin: Running /scripts/local-bottom ... done.
Begin: Running /scripts/init-bottom ... done.
[   13.535882] ip_tables: (C) 2000-2006 Netfilter Core Team
[   13.589346] systemd[1]: systemd 237 running in system mode. (+PAM +AUDIT +SELINUX +IMA +APPARMOR +SMACK +SYSVINIT +UTMP +LIBCRYPTSETUP +GCRYPT +GNUTLS +ACL +XZ +LZ4 +SECCOMP +BLKID +ELFUTILS +KMOD -IDN2 +IDN -PCRE2 default-hierarchy=hybrid)
[   13.623414] systemd[1]: Detected virtualization oracle.
[   13.633977] systemd[1]: Detected architecture x86-64.

Welcome to [1mUbuntu 18.04.6 LTS[0m!

[   13.731409] systemd[1]: Set hostname to <ubuntu>.
[   13.754464] systemd[1]: Initializing machine ID from random generator.
[   13.766217] systemd[1]: Installed transient /etc/machine-id file.
[   14.463595] systemd[1]: Created slice System Slice.
[[0;32m  OK  [0m] Created slice System Slice.
[   14.481279] systemd[1]: Listening on Journal Audit Socket.
[[0;32m  OK  [0m] Listening on Journal Audit Socket.
[   14.497629] systemd[1]: Listening on udev Control Socket.
[[0;32m  OK  [0m] Listening on udev Control Socket.
[   14.511595] systemd[1]: Reached target Mounting snaps.
[[0;32m  OK  [0m] Reached target Mounting snaps.
[[0;32m  OK  [0m] Listening on Journal Socket.
         Mounting POSIX Message Queue File System...
         Starting Load Kernel Modules...
         Mounting Kernel Debug File System...
[[0;32m  OK  [0m] Listening on LVM2 poll daemon socket.
[[0;32m  OK  [0m] [   14.573269] Loading iSCSI transport class v2.0-870.
Reached target System Time Synchronized.
[[0;32m  OK  [0m] Started Forward Password Requests to Wall Directory Watch.
         Starting Uncomplicated firewall...[   14.599468] iscsi: registered transport (tcp)

[[0;32m  OK  [0m] Listening on Device-mapper event daemon FIFOs.
[[0;32m  OK  [0m] Reached target Swap.
         Starting Create list of required st…ce nodes for the current kernel...
[[0;32m  OK  [0m] Reached target User and Group Name Lookups.
[[0;32m  OK  [0m] Listening on Journal Socket (/dev/log).
[   14.667538] iscsi: registered transport (iser)
[[0;32m  OK  [0m] Listening on /dev/initctl Compatibility Named Pipe.
         Starting Set the console keyboard layout...
[[0;32m  OK  [0m] Created slice system-serial\x2dgetty.slice.
[[0;32m  OK  [0m] Listening on Network Service Netlink Socket.
[[0;32m  OK  [0m] Reached target Mounted snaps.
[[0;32m  OK  [0m] Listening on LVM2 metadata daemon socket.
[[0;32m  OK  [0m] Listening on Syslog Socket.
         Starting Journal Service...
         Starting Monitoring of LVM2 mirrors…ng dmeventd or progress polling...
[[0;32m  OK  [0m] Listening on fsck to fsckd communication Socket.
         Starting File System Check on Root Device...
[[0;32m  OK  [0m] Created slice User and Session Slice.
[[0;32m  OK  [0m] Set up automount Arbitrary Executab…rmats File System Automount Point.
         Mounting Huge Pages File System...
[[0;32m  OK  [0m] Listening on udev Kernel Socket.
         Starting udev Coldplug all Devices...
[[0;32m  OK  [0m] Reached target Slices.
[[0;32m  OK  [0m] Started Journal Service.
[[0;32m  OK  [0m] Mounted POSIX Message Queue File System.
[[0;32m  OK  [0m] Started Load Kernel Modules.
[[0;32m  OK  [0m] Mounted Kernel Debug File System.
[[0;32m  OK  [0m] Started Uncomplicated firewall.
[[0;32m  OK  [0m] Started Create list of required sta…vice nodes for the current kernel.
[[0;32m  OK  [0m] Mounted Huge Pages File System.
[[0;32m  OK  [0m] Started File System Check Daemon to report status.
[[0;32m  OK  [0m] Started LVM2 metadata daemon.
         Starting Create Static Device Nodes in /dev...
         Mounting FUSE Control File System...
         Starting Apply Kernel Variables...
         Mounting Kernel Configuration File System...
[[0;32m  OK  [0m] Started File System Check on Root Device.
[[0;32m  OK  [0m] Mounted FUSE Control File System.
[[0;32m  OK  [0m] Mounted Kernel Configuration File System.
         Starting Remount Root and Kernel File Systems...
[[0;32m  OK  [0m] Started Create Static Device Nodes in /dev.
[[0;32m  OK  [0m] Started udev Coldplug all Devices.
[[0;32m  OK  [0m] Started Monitoring of LVM2 mirrors,…sing dmeventd or progress polling.
[[0;32m  OK  [0m] Started Apply Kernel Variables.
[[0;32m  OK  [0m] Started Remount Root and Kernel File Systems.
         Starting udev Kernel Device Manager...
         Starting Flush Journal to Persistent Storage...
         Starting Load/Save Random Seed...
[[0;32m  OK  [0m] Started Load/Save Random Seed.
[[0;32m  OK  [0m] Started udev Kernel Device Manager.
[[0;32m  OK  [0m] Started Flush Journal to Persistent Storage.
[[0;32m  OK  [0m] Found device /dev/ttyS0.
[[0;32m  OK  [0m] Listening on Load/Save RF Kill Switch Status /dev/rfkill Watch.
[[0;32m  OK  [0m] Started Set the console keyboard layout.
[[0;32m  OK  [0m] Started Dispatch Password Requests to Console Directory Watch.
[[0;32m  OK  [0m] Reached target Local Encrypted Volumes.
[[0;32m  OK  [0m] Reached target Local File Systems (Pre).
[[0;32m  OK  [0m] Reached target Local File Systems.
         Starting ebtables ruleset management...
         Starting Set console font and keymap...
         Starting Tell Plymouth To Write Out Runtime Data...
         Starting AppArmor initialization...
         Starting Commit a transient machine-id on disk...
         Starting Create Volatile Files and Directories...
[[0;32m  OK  [0m] Started Tell Plymouth To Write Out Runtime Data.
         Mounting Arbitrary Executable File Formats File System...
[[0;32m  OK  [0m] Mounted Arbitrary Executable File Formats File System.
[[0;32m  OK  [0m] Started ebtables ruleset management.
[[0;32m  OK  [0m] Started Create Volatile Files and Directories.
         Starting Update UTMP about System Boot/Shutdown...
[[0;32m  OK  [0m] Started Commit a transient machine-id on disk.
[[0;32m  OK  [0m] Started Update UTMP about System Boot/Shutdown.
[[0;32m  OK  [0m] Started AppArmor initialization.
         Starting Initial cloud-init job (pre-networking)...
         Starting Load AppArmor profiles managed internally by snapd...
[[0;32m  OK  [0m] Started Load AppArmor profiles managed internally by snapd.
[[0;32m  OK  [0m] Started Set console font and keymap.
[   21.367089] cloud-init[747]: Cloud-init v. 23.1.2-0ubuntu0~18.04.1 running 'init-local' at Sat, 14 Dec 2024 05:21:22 +0000. Up 20.83 seconds.
[[0;32m  OK  [0m] Started Initial cloud-init job (pre-networking).
[[0;32m  OK  [0m] Reached target Network (Pre).
         Starting Network Service...
[[0;32m  OK  [0m] Started Network Service.
         Starting Wait for Network to be Configured...
         Starting Network Name Resolution...
[[0;32m  OK  [0m] Started Network Name Resolution.
[[0;32m  OK  [0m] Reached target Network.
[[0;32m  OK  [0m] Reached target Host and Network Name Lookups.
[[0;32m  OK  [0m] Started Wait for Network to be Configured.
         Starting Initial cloud-init job (metadata service crawler)...
[   24.030554] cloud-init[904]: Cloud-init v. 23.1.2-0ubuntu0~18.04.1 running 'init' at Sat, 14 Dec 2024 05:21:25 +0000. Up 23.77 seconds.
[   24.041529] cloud-init[904]: ci-info: ++++++++++++++++++++++++++++++++++++++Net device info++++++++++++++++++++++++++++++++++++++
[   24.048901] cloud-init[904]: ci-info: +--------+------+----------------------------+---------------+--------+-------------------+
[   24.062609] cloud-init[904]: ci-info: | Device |  Up  |          Address           |      Mask     | Scope  |     Hw-Address    |
[   24.074692] cloud-init[904]: ci-info: +--------+------+----------------------------+---------------+--------+-------------------+
[   24.088244] cloud-init[904]: ci-info: | enp0s3 | True |         10.0.2.15          | 255.255.255.0 | global | 02:3b:7b:b7:3b:2d |
[   24.102351] cloud-init[904]: ci-info: | enp0s3 | True | fe80::3b:7bff:feb7:3b2d/64 |       .       |  link  | 02:3b:7b:b7:3b:2d |
[   24.114608] cloud-init[904]: ci-info: |   lo   | True |         127.0.0.1          |   255.0.0.0   |  host  |         .         |
[   24.126692] cloud-init[904]: ci-info: |   lo   | True |          ::1/128           |       .       |  host  |         .         |
[   24.139336] cloud-init[904]: ci-info: +--------+------+----------------------------+---------------+--------+-------------------+
[   24.151549] cloud-init[904]: ci-info: ++++++++++++++++++++++++++++Route IPv4 info+++++++++++++++++++++++++++++
[   24.162943] cloud-init[904]: ci-info: +-------+-------------+----------+-----------------+-----------+-------+
[   24.177619] cloud-init[904]: ci-info: | Route | Destination | Gateway  |     Genmask     | Interface | Flags |
[   24.190015] cloud-init[904]: ci-info: +-------+-------------+----------+-----------------+-----------+-------+
[   24.201995] cloud-init[904]: ci-info: |   0   |   0.0.0.0   | 10.0.2.2 |     0.0.0.0     |   enp0s3  |   UG  |
[   24.213795] cloud-init[904]: ci-info: |   1   |   10.0.2.0  | 0.0.0.0  |  255.255.255.0  |   enp0s3  |   U   |
[   24.225727] cloud-init[904]: ci-info: |   2   |   10.0.2.2  | 0.0.0.0  | 255.255.255.255 |   enp0s3  |   UH  |
[   24.238821] cloud-init[904]: ci-info: +-------+-------------+----------+-----------------+-----------+-------+
[   24.251493] cloud-init[904]: ci-info: +++++++++++++++++++Route IPv6 info+++++++++++++++++++
[   24.266821] cloud-init[904]: ci-info: +-------+-------------+---------+-----------+-------+
[   24.279125] cloud-init[904]: ci-info: | Route | Destination | Gateway | Interface | Flags |
[   24.298612] cloud-init[904]: ci-info: +-------+-------------+---------+-----------+-------+
[   24.309495] cloud-init[904]: ci-info: |   1   |  fe80::/64  |    ::   |   enp0s3  |   U   |
[   24.323775] cloud-init[904]: ci-info: |   3   |    local    |    ::   |   enp0s3  |   U   |
[   24.366365] cloud-init[904]: ci-info: |   4   |   ff00::/8  |    ::   |   enp0s3  |   U   |
[   24.382105] cloud-init[904]: ci-info: +-------+-------------+---------+-----------+-------+
[   25.880991] cloud-init[904]: Generating public/private rsa key pair.
[   25.890345] cloud-init[904]: Your identification has been saved in /etc/ssh/ssh_host_rsa_key.
[   25.906214] cloud-init[904]: Your public key has been saved in /etc/ssh/ssh_host_rsa_key.pub.
[   25.922631] cloud-init[904]: The key fingerprint is:
[   25.933271] cloud-init[904]: SHA256:a2u7tOXy3qhgRS4RVVFHpfeHDi/LNeH7Xt6Qv74HcSI root@ubuntu-bionic
[   25.944383] cloud-init[904]: The key's randomart image is:
[   25.954841] cloud-init[904]: +---[RSA 2048]----+
[   25.962259] cloud-init[904]: |      ....oo..o..|
[   25.971775] cloud-init[904]: |       .     . . |
[   25.983239] cloud-init[904]: |      . .     . .|
[   26.000383] cloud-init[904]: |       +    E ooo|
[   26.010554] cloud-init[904]: |      . S   ..o+o|
[   26.019864] cloud-init[904]: |       o .   =.o.|
[   26.031110] cloud-init[904]: |      o + . . O..|
[   26.038762] cloud-init[[0;32m  OK  [0m] Started Initial cloud-init job (metadata service crawler).
[[0;32m  OK  [0m] Reached target Cloud-config availability.
[[0;32m  OK  [0m] Reached target Network is Online.
         Starting Availability of block devices...
[[0;32m  OK  [0m] Reached target Remote File Systems (Pre).
[[0;32m  OK  [0m] Reached target Remote File Systems.
[[0;32m  OK  [0m] Reached target System Initialization.
[[0;32m  OK  [0m] Listening on UUID daemon activation socket.
[[0;32m  OK  [0m] Started Daily Cleanup of Temporary Directories.
[[0;32m  OK  [0m] Started Discard unused blocks once a week.
         Starting Socket activation for snappy daemon.
[[0;32m  OK  [0m] Listening on Open-iSCSI iscsid Socket.
         Starting LXD - unix socket.
[[0;32m  OK  [0m] Started Daily apt download activities.
[[0;32m  OK  [0m] Started Daily apt upgrade and clean activities.
[[0;32m  OK  [0m] Listening on cloud-init hotplug hook socket.
[[0;32m  OK  [0m] Started Message of the Day.
[[0;32m  OK  [0m] Listening on ACPID Listen Socket.
[[0;32m  OK  [0m] Listening on D-Bus System Message Bus Socket.
[[0;32m  OK  [0m] Started ACPI Events Check.
[[0;32m  OK  [0m] Reached target Paths.
[[0;32m  OK  [0m] Started Ubuntu Advantage Timer for running repeated jobs.
[[0;32m  OK  [0m] Reached target Timers.
[[0;32m  OK  [0m] Started Availability of block devices.
[[0;32m  OK  [0m] Listening on Socket activation for snappy daemon.
[[0;32m  OK  [0m] Listening on LXD - unix socket.
[[0;32m  OK  [0m] Reached target Sockets.
[[0;32m  OK  [0m] Reached target Basic System.
         Starting LSB: Record successful boot for GRUB...
         Starting Pollinate to seed the pseudo random number generator...
         Starting Dispatcher daemon for systemd-networkd...
[904]: |     . +o= + + *+|         Starting System Logging Service...

         Starting Login Service...
         Starting LSB: automatic crash report generation...
[[0;32m  OK  [0m] Started D-Bus System Message Bus.
[   26.220545] cloud-init[904]: |       .*B= + o*X|
[   26.254309] cloud-init[904]: +----[SHA256]-----+
[   26.284721] cloud-init[904]: Generating public/private dsa key pair.
[   26.332712] cloud-init[904]: Your identification has been saved in /etc/ssh/ssh_host_dsa_key.
[   26.371814] cloud-init[904]: Your public key has been saved in /etc/ssh/ssh_host_dsa_key.pub.
[   26.383859] cloud-init[904]: The key fingerprint is:
[   26.428545] cloud-init[904]: SHA256:nWyZoutz4c7FzuIRA7KkXztERvJlCUHkMn2w6B7sAkE root@ubuntu-bionic
[   26.437486] cloud-init[904]: The key's randomart image is:
[   26.444750] cloud-init[904]: +---[DSA 1024]----+
[   26.448748] cloud-init[904]: | E  .oBoo.       |
[   26.452450] cloud-init[904]: |.    B =.        |
[[0;32m  OK  [0m] Started irqbalance daemon.
[   26.460089] cloud-init[904]: |.   * O .        |
[   26.467388] cloud-init[904]: | . = B o o +     |
[   26.470403] cloud-init[904]: |. . = o S B      |
[   26.473260] cloud-init[904]: | . + + o.*       |
[[0;32m  OK  [0m] Started Regular background program processing daemon.
[   26.484081] cloud-init[904]: |  . + +...o      |
         Starting Accounts Service...
[[0;32m  OK  [0m] Started FUSE filesystem for LXC.
         Starting Permit User Sessions...
[[0;32m  OK  [0m] Reached target Login Prompts (Pre).
[   26.498534] cloud-init[904]: |   .  .++=       |
[   26.531226] cloud-init[904]: |     .o=+.o      |
[   26.536088] cloud-init[904]: +----[SHA256]-----+
[   26.594715] [[0;32m  OK  [0m] Started Deferred execution scheduler.
cloud-init         Starting Virtualbox guest utils...
[904]: Generating public/private ecdsa key pair.
[   26.622755] cloud-init[904]: Your identification has been saved in /etc/ssh/ssh_host_ecdsa_key.
[   26.643297] cloud-init[904]: Your public key has been saved in /etc/ssh/ssh_host_ecdsa_key.pub.
[   26.656425] cloud-init[904]:          Starting Snap Daemon...
         Starting LXD - container startup/shutdown...
[[0;32m  OK  [0m] Started System Logging Service.
The key fingerprint is:
[[0;32m  OK  [0m] Started Permit User Sessions.
[   26.692357] cloud-init         Starting Hold until boot process finishes up...
         Starting Terminate Plymouth Boot Screen...
[[0;32m  OK  [0m] Started Login Service.
[904]: SHA256:IAY15+KisC0B/H+hODleOSnm26Vn4v5Ncs+c0ZYJQPk root@ubuntu-bionic[[0;32m  OK  [0m] Started Unattended Upgrades Shutdown.
[[0;32m  OK  [0m] Started Hold until boot process finishes up.

[   26.751102] [[0;32m  OK  [0m] Started Serial Getty on ttyS0.
cloud-init         Starting Set console scheme...
[904]: The key's randomart image is:[[0;32m  OK  [0m] Started Terminate Plymouth Boot Screen.

[   26.781337] cloud-init[904]: +---[ECDSA 256]---+
[   26.793660] cloud-init[904]: |  ..o .  ..      |
[   26.811232] cloud-init[904]: |.  . +  ..       |
[   26.821538] cloud-init[904]: |..  + o  ..      |
[   26.836085] cloud-init[904]: |. .o o .  .E     |
[   26.848087] cloud-init[904]: |o ...  .S  .     |
[   26.856663] cloud-init[904]: |.= .+ + .   o o  |
[   26.865827] cloud-init[904]: |+ .B B + o . =   |
[   26.876693] cloud-init[904]: | .+ *.=o= + +    |
[   26.887545] cloud-init[904]: |   ++==. . =     |
[   26.899603] [[0;32m  OK  [0m] Started LSB: automatic crash report generation.
         Starting Authorization Manager...
cloud-init[904]: +----[SHA256]-----+
[   26.922373] cloud-init[904]: Generating public/private ed25519 key pair.
[   26.931902] cloud-init[904]: Your identification has been saved in /etc/ssh/ssh_host_ed25519_key.
[   26.950915] cloud-init[904]: Your public key has been saved in /etc/ssh/ssh_host_ed25519_key.pub.
[   26.965260] cloud-init[904]: The key fingerprint is:
[   26.979410] cloud-init[904]: SHA256:MFd93d3zbiwUCFI+OJaTTsjg549NGajUxopRMUzJhQc root@ubuntu-bionic
[   26.998740] cloud-init[904]: The key's randomart image is:
[   27.007719] cloud-init[904]: +--[ED25519 256]--+
[   27.018837] cloud-init[904]: |   +E*. ..+o . .+|
[   27.026911] cloud-init[904]: |   o=*.o B  o o.=|
[   27.037092] cloud-init[904]: [[0;32m  OK  [0m] Started Set console scheme.
[[0;32m  OK  [0m] Created slice system-getty.slice.
|  . o.@ @ o  . .o|[[0;32m  OK  [0m] Started Getty on tty1.
[[0;32m  OK  [0m] Reached target Login Prompts.

[   27.073953] cloud-init[904]: |   + * B = .  . .|
[   27.083989] cloud-init[904]: |  . o . S    . o |
[   27.096804] cloud-init[904]: |       =      . +|
[   27.168899] cloud-init[904]: |      . o      o |
[   27.185117] cloud-init[904]: |                 |
[   27.202910] cloud-init[904]: |                 |
[   27.211279] cloud-init[904]: +----[SHA256]-----+
[[0;32m  OK  [0m] Started LSB: Record successful boot for GRUB.
[[0;32m  OK  [0m] Started Authorization Manager.
[[0;32m  OK  [0m] Started Accounts Service.
[[0;32m  OK  [0m] Started Virtualbox guest utils.
[[0;32m  OK  [0m] Started Dispatcher daemon for systemd-networkd.
[[0;32m  OK  [0m] Started LXD - container startup/shutdown.
[[0;32m  OK  [0m] Started Pollinate to seed the pseudo random number generator.
         Starting OpenBSD Secure Shell server...
[[0;32m  OK  [0m] Started OpenBSD Secure Shell server.
[[0;32m  OK  [0m] Started Snap Daemon.
         Starting Wait until snapd is fully seeded...
[[0;32m  OK  [0m] Created slice User Slice of vagrant.
         Starting User Manager for UID 1000...
[[0;32m  OK  [0m] Started Session 1 of user vagrant.
[[0;32m  OK  [0m] Started User Manager for UID 1000.
         Starting Time & Date Service...
[[0;32m  OK  [0m] Started Time & Date Service.

Ubuntu 18.04.6 LTS ubuntu-bionic ttyS0

ubuntu-bionic login: [   38.047352] cloud-init[1475]: Cloud-init v. 23.1.2-0ubuntu0~18.04.1 running 'modules:config' at Sat, 14 Dec 2024 05:21:38 +0000. Up 37.10 seconds.
ci-info: no authorized SSH keys fingerprints found for user ubuntu.
<14>Dec 14 05:21:42 cloud-init: #############################################################
<14>Dec 14 05:21:42 cloud-init: -----BEGIN SSH HOST KEY FINGERPRINTS-----
<14>Dec 14 05:21:42 cloud-init: 1024 SHA256:nWyZoutz4c7FzuIRA7KkXztERvJlCUHkMn2w6B7sAkE root@ubuntu-bionic (DSA)
<14>Dec 14 05:21:42 cloud-init: 256 SHA256:IAY15+KisC0B/H+hODleOSnm26Vn4v5Ncs+c0ZYJQPk root@ubuntu-bionic (ECDSA)
<14>Dec 14 05:21:42 cloud-init: 256 SHA256:MFd93d3zbiwUCFI+OJaTTsjg549NGajUxopRMUzJhQc root@ubuntu-bionic (ED25519)
<14>Dec 14 05:21:42 cloud-init: 2048 SHA256:a2u7tOXy3qhgRS4RVVFHpfeHDi/LNeH7Xt6Qv74HcSI root@ubuntu-bionic (RSA)
<14>Dec 14 05:21:42 cloud-init: -----END SSH HOST KEY FINGERPRINTS-----
<14>Dec 14 05:21:42 cloud-init: #############################################################
-----BEGIN SSH HOST KEY KEYS-----
ecdsa-sha2-nistp256 AAAAE2VjZHNhLXNoYTItbmlzdHAyNTYAAAAIbmlzdHAyNTYAAABBBOZuH0EgMZdXka+2qITb2BeD52rHnNPIFym/E2U6SXX154hYqThshr8fQBT3Et862A89D0MwuYVo6BC+7WpCLXM= root@ubuntu-bionic
ssh-ed25519 AAAAC3NzaC1lZDI1NTE5AAAAIELNPM42y+YVsw1jyAW8neFwaKnhREmY//YHAifZ5GSo root@ubuntu-bionic
ssh-rsa AAAAB3NzaC1yc2EAAAADAQABAAABAQDPoZYcjAtaA67DyT6HrWUkW7qM83Q+35SSf3duInGqdkjWvbft0pFn/9HGlcEREaawRI3CbLC4hZQrm6hnH0UgqJWYPLiBYHI5O7EZQTe/0pR5ayZfGPGR6plEeWXdNb47yfizXsiFn0Q88w35ae6hkQWzTDW/h6DpFOsALUVMPyF6CWeI+Cg1v3VXkbUpI4eyiUPzcpvoKRzi3PBtX0uH8v+DRK1IzDlu8uQa/1JoHA6SRGN78GU69X6Hre2HXkMZ27PIZUR5Zb0SvvIbwNkYSNm0+OX/TZqgjYZo4sJwAjouXEr7pf1Tf4n6lmUob2yPsif+4xtYB+kNFAvYzVIH root@ubuntu-bionic
-----END SSH HOST KEY KEYS-----
[   40.585491] cloud-init[1652]: Cloud-init v. 23.1.2-0ubuntu0~18.04.1 running 'modules:final' at Sat, 14 Dec 2024 05:21:41 +0000. Up 39.81 seconds.
[   40.585855] cloud-init[1652]: Cloud-init v. 23.1.2-0ubuntu0~18.04.1 finished at Sat, 14 Dec 2024 05:21:42 +0000. Datasource DataSourceNoCloud [seed=/dev/sdb][dsmode=net].  Up 40.55 seconds
